2023-09-20T10:19:19.671+02:00  INFO 1162 --- [main] de.telran.lesson3.Lesson3Application     : Starting Lesson3Application using Java 20.0.1 with PID 1162 (/Users/serg/Desktop/Projects/lesson3-master/target/classes started by serg in /Users/serg/Desktop/Projects/lesson3-master)
2023-09-20T10:19:19.677+02:00  INFO 1162 --- [main] de.telran.lesson3.Lesson3Application     : No active profile set, falling back to 1 default profile: "default"
2023-09-20T10:19:20.402+02:00  INFO 1162 --- [main] .s.d.r.c.RepositoryConfigurationDelegate : Bootstrapping Spring Data JPA repositories in DEFAULT mode.
2023-09-20T10:19:20.477+02:00  INFO 1162 --- [main] .s.d.r.c.RepositoryConfigurationDelegate : Finished Spring Data repository scanning in 64 ms. Found 4 JPA repository interfaces.
2023-09-20T10:19:21.428+02:00  INFO 1162 --- [main] o.s.b.w.embedded.tomcat.TomcatWebServer  : Tomcat initialized with port(s): 8080 (http)
2023-09-20T10:19:21.440+02:00  INFO 1162 --- [main] o.apache.catalina.core.StandardService   : Starting service [Tomcat]
2023-09-20T10:19:21.440+02:00  INFO 1162 --- [main] o.apache.catalina.core.StandardEngine    : Starting Servlet engine: [Apache Tomcat/10.1.12]
2023-09-20T10:19:21.530+02:00  INFO 1162 --- [main] o.a.c.c.C.[Tomcat].[localhost].[/]       : Initializing Spring embedded WebApplicationContext
2023-09-20T10:19:21.531+02:00  INFO 1162 --- [main] w.s.c.ServletWebServerApplicationContext : Root WebApplicationContext: initialization completed in 1797 ms
2023-09-20T10:19:21.784+02:00  INFO 1162 --- [main] o.hibernate.jpa.internal.util.LogHelper  : HHH000204: Processing PersistenceUnitInfo [name: default]
2023-09-20T10:19:21.866+02:00  INFO 1162 --- [main] org.hibernate.Version                    : HHH000412: Hibernate ORM core version 6.2.7.Final
2023-09-20T10:19:21.869+02:00  INFO 1162 --- [main] org.hibernate.cfg.Environment            : HHH000406: Using bytecode reflection optimizer
2023-09-20T10:19:22.070+02:00  INFO 1162 --- [main] o.h.b.i.BytecodeProviderInitiator        : HHH000021: Bytecode provider name : bytebuddy
2023-09-20T10:19:22.256+02:00  INFO 1162 --- [main] o.s.o.j.p.SpringPersistenceUnitInfo      : No LoadTimeWeaver setup: ignoring JPA class transformer
2023-09-20T10:19:22.275+02:00  INFO 1162 --- [main] com.zaxxer.hikari.HikariDataSource       : HikariPool-1 - Starting...
2023-09-20T10:19:22.754+02:00  INFO 1162 --- [main] com.zaxxer.hikari.pool.HikariPool        : HikariPool-1 - Added connection com.mysql.cj.jdbc.ConnectionImpl@702096ef
2023-09-20T10:19:22.756+02:00  INFO 1162 --- [main] com.zaxxer.hikari.HikariDataSource       : HikariPool-1 - Start completed.
2023-09-20T10:19:23.125+02:00  INFO 1162 --- [main] o.h.b.i.BytecodeProviderInitiator        : HHH000021: Bytecode provider name : bytebuddy
2023-09-20T10:19:23.784+02:00  INFO 1162 --- [main] d.t.l.domain_layer.entity.jpa.JpaCart    : The empty constructor is applied
2023-09-20T10:19:23.801+02:00  INFO 1162 --- [main] d.t.l.d.entity.jpa.JpaCustomer           : The empty constructor is applied
2023-09-20T10:19:23.965+02:00  INFO 1162 --- [main] o.h.e.t.j.p.i.JtaPlatformInitiator       : HHH000490: Using JtaPlatform implementation: [org.hibernate.engine.transaction.jta.platform.internal.NoJtaPlatform]
2023-09-20T10:19:23.967+02:00  INFO 1162 --- [main] j.LocalContainerEntityManagerFactoryBean : Initialized JPA EntityManagerFactory for persistence unit 'default'
2023-09-20T10:19:24.729+02:00  INFO 1162 --- [main] o.s.d.j.r.query.QueryEnhancerFactory     : Hibernate is in classpath; If applicable, HQL parser will be used.
2023-09-20T10:19:25.063+02:00  WARN 1162 --- [main] JpaBaseConfiguration$JpaWebConfiguration : spring.jpa.open-in-view is enabled by default. Therefore, database queries may be performed during view rendering. Explicitly configure spring.jpa.open-in-view to disable this warning
2023-09-20T10:19:25.911+02:00  INFO 1162 --- [main] o.s.b.w.embedded.tomcat.TomcatWebServer  : Tomcat started on port(s): 8080 (http) with context path ''
2023-09-20T10:19:25.921+02:00  INFO 1162 --- [main] de.telran.lesson3.Lesson3Application     : Started Lesson3Application in 6.723 seconds (process running for 7.609)
2023-09-20T10:19:45.061+02:00  INFO 1162 --- [scheduling-1] d.t.l.schedule_layer.ScheduleExecutor    : Последний добавленный в БД продукт - Coconut
2023-09-20T10:19:49.688+02:00  INFO 1162 --- [SpringApplicationShutdownHook] j.LocalContainerEntityManagerFactoryBean : Closing JPA EntityManagerFactory for persistence unit 'default'
2023-09-20T10:19:49.690+02:00  INFO 1162 --- [SpringApplicationShutdownHook] com.zaxxer.hikari.HikariDataSource       : HikariPool-1 - Shutdown initiated...
2023-09-20T10:19:49.697+02:00  INFO 1162 --- [SpringApplicationShutdownHook] com.zaxxer.hikari.HikariDataSource       : HikariPool-1 - Shutdown completed.
